<?xml version="1.0" encoding="UTF-8"?>
<!-- Generated by org.testng.reporters.JUnitReportReporter -->
<testsuite hostname="RajaSekhar" failures="0" tests="1" name="driverFactory.AppTest" time="87.488" errors="0" timestamp="2024-02-22T12:40:44 IST" skipped="0">
  <testcase classname="driverFactory.AppTest" name="kickStart" time="87.488">
    <system-out>
      <![CDATA[Stock-000000573     Stock-000000573
Supplier-00000001542     Supplier-00000001542
Customer-00000002684     Customer-00000002684]]>
    </system-out>
  </testcase> <!-- kickStart -->
  <system-out>
    <![CDATA[Stock-000000573     Stock-000000573
Supplier-00000001542     Supplier-00000001542
Customer-00000002684     Customer-00000002684]]>
  </system-out>
</testsuite> <!-- driverFactory.AppTest -->
